<?xml version="1.0" encoding="UTF-8" ?>
<testsuite failures="0" time="0.451" errors="1" skipped="0" tests="1" name="novoda.rest.cursors.json.JsonCursorTest">
  <properties>
    <property name="java.runtime.name" value="Java(TM) SE Runtime Environment"/>
    <property name="sun.boot.library.path" value="/usr/lib/jvm/java-6-sun-1.6.0.16/jre/lib/amd64"/>
    <property name="java.vm.version" value="14.2-b01"/>
    <property name="java.vm.vendor" value="Sun Microsystems Inc."/>
    <property name="java.vendor.url" value="http://java.sun.com/"/>
    <property name="path.separator" value=":"/>
    <property name="java.vm.name" value="Java HotSpot(TM) 64-Bit Server VM"/>
    <property name="file.encoding.pkg" value="sun.io"/>
    <property name="user.country" value="GB"/>
    <property name="sun.java.launcher" value="SUN_STANDARD"/>
    <property name="sun.os.patch.level" value="unknown"/>
    <property name="java.vm.specification.name" value="Java Virtual Machine Specification"/>
    <property name="user.dir" value="/media/work/android/RESTProvider/RESTProvider"/>
    <property name="java.runtime.version" value="1.6.0_16-b01"/>
    <property name="java.awt.graphicsenv" value="sun.awt.X11GraphicsEnvironment"/>
    <property name="basedir" value="/media/work/android/RESTProvider/RESTProvider"/>
    <property name="java.endorsed.dirs" value="/usr/lib/jvm/java-6-sun-1.6.0.16/jre/lib/endorsed"/>
    <property name="os.arch" value="amd64"/>
    <property name="surefire.real.class.path" value="/tmp/surefirebooter6677252302860845073.jar"/>
    <property name="java.io.tmpdir" value="/tmp"/>
    <property name="line.separator" value="
"/>
    <property name="java.vm.specification.vendor" value="Sun Microsystems Inc."/>
    <property name="os.name" value="Linux"/>
    <property name="sun.jnu.encoding" value="UTF-8"/>
    <property name="java.library.path" value="/usr/lib/jvm/java-6-sun-1.6.0.16/jre/lib/amd64/server:/usr/lib/jvm/java-6-sun-1.6.0.16/jre/lib/amd64:/usr/lib/jvm/java-6-sun-1.6.0.16/jre/../lib/amd64:/usr/java/packages/lib/amd64:/lib:/usr/lib"/>
    <property name="surefire.test.class.path" value="/media/work/android/RESTProvider/RESTProvider/target/test-classes:/media/work/android/RESTProvider/RESTProvider/target/classes:/home/acsia/.m2/repository/com/google/collections/google-collections/1.0/google-collections-1.0.jar:/home/acsia/.m2/repository/commons-codec/commons-codec/20041127.091804/commons-codec-20041127.091804.jar:/home/acsia/.m2/repository/junit/junit/4.8.1/junit-4.8.1.jar:/home/acsia/.m2/repository/jaxen/jaxen/1.1.1/jaxen-1.1.1.jar:/home/acsia/.m2/repository/dom4j/dom4j/1.6.1/dom4j-1.6.1.jar:/home/acsia/.m2/repository/jdom/jdom/1.0/jdom-1.0.jar:/home/acsia/.m2/repository/xml-apis/xml-apis/1.3.02/xml-apis-1.3.02.jar:/home/acsia/.m2/repository/xerces/xercesImpl/2.6.2/xercesImpl-2.6.2.jar:/home/acsia/.m2/repository/xom/xom/1.0/xom-1.0.jar:/home/acsia/.m2/repository/xerces/xmlParserAPIs/2.6.2/xmlParserAPIs-2.6.2.jar:/home/acsia/.m2/repository/xalan/xalan/2.6.0/xalan-2.6.0.jar:/home/acsia/.m2/repository/com/ibm/icu/icu4j/2.6.1/icu4j-2.6.1.jar:/home/acsia/.m2/repository/oauth/signpost/signpost-commonshttp4/1.2/signpost-commonshttp4-1.2.jar:/home/acsia/.m2/repository/oauth/signpost/signpost-core/1.2/signpost-core-1.2.jar:/home/acsia/.m2/repository/org/apache/httpcomponents/httpcore/4.0.1/httpcore-4.0.1.jar:/home/acsia/.m2/repository/org/apache/httpcomponents/httpclient/4.0.1/httpclient-4.0.1.jar:/home/acsia/.m2/repository/commons-logging/commons-logging/1.1.1/commons-logging-1.1.1.jar:/home/acsia/.m2/repository/org/codehaus/jackson/jackson-core-asl/1.5.1/jackson-core-asl-1.5.1.jar:/home/acsia/.m2/repository/org/codehaus/jackson/jackson-mapper-asl/1.5.1/jackson-mapper-asl-1.5.1.jar:/home/acsia/.m2/repository/org/mockito/mockito-all/1.8.4/mockito-all-1.8.4.jar:/home/acsia/.m2/repository/maven/dom4j/1.7-20060614/dom4j-1.7-20060614.jar:/home/acsia/.m2/repository/jaxme/jaxme-api/0.3/jaxme-api-0.3.jar:/home/acsia/.m2/repository/msv/xsdlib/20030807/xsdlib-20030807.jar:/home/acsia/.m2/repository/msv/relaxngDatatype/20030807/relaxngDatatype-20030807.jar:/home/acsia/.m2/repository/pull-parser/pull-parser/2.1.10/pull-parser-2.1.10.jar:/home/acsia/.m2/repository/xpp3/xpp3/1.1.3.3/xpp3-1.1.3.3.jar:/home/acsia/.m2/repository/stax/stax-api/1.0/stax-api-1.0.jar:/home/acsia/.m2/repository/junitperf/junitperf/1.8/junitperf-1.8.jar:/tmp/android.jar:"/>
    <property name="java.specification.name" value="Java Platform API Specification"/>
    <property name="java.class.version" value="50.0"/>
    <property name="sun.management.compiler" value="HotSpot 64-Bit Server Compiler"/>
    <property name="os.version" value="2.6.31-20-generic"/>
    <property name="user.home" value="/home/acsia"/>
    <property name="user.timezone" value="GB"/>
    <property name="java.awt.printerjob" value="sun.print.PSPrinterJob"/>
    <property name="file.encoding" value="UTF-8"/>
    <property name="java.specification.version" value="1.6"/>
    <property name="user.name" value="acsia"/>
    <property name="java.class.path" value="/media/work/android/RESTProvider/RESTProvider/target/test-classes:/media/work/android/RESTProvider/RESTProvider/target/classes:/home/acsia/.m2/repository/com/google/collections/google-collections/1.0/google-collections-1.0.jar:/home/acsia/.m2/repository/commons-codec/commons-codec/20041127.091804/commons-codec-20041127.091804.jar:/home/acsia/.m2/repository/junit/junit/4.8.1/junit-4.8.1.jar:/home/acsia/.m2/repository/jaxen/jaxen/1.1.1/jaxen-1.1.1.jar:/home/acsia/.m2/repository/dom4j/dom4j/1.6.1/dom4j-1.6.1.jar:/home/acsia/.m2/repository/jdom/jdom/1.0/jdom-1.0.jar:/home/acsia/.m2/repository/xml-apis/xml-apis/1.3.02/xml-apis-1.3.02.jar:/home/acsia/.m2/repository/xerces/xercesImpl/2.6.2/xercesImpl-2.6.2.jar:/home/acsia/.m2/repository/xom/xom/1.0/xom-1.0.jar:/home/acsia/.m2/repository/xerces/xmlParserAPIs/2.6.2/xmlParserAPIs-2.6.2.jar:/home/acsia/.m2/repository/xalan/xalan/2.6.0/xalan-2.6.0.jar:/home/acsia/.m2/repository/com/ibm/icu/icu4j/2.6.1/icu4j-2.6.1.jar:/home/acsia/.m2/repository/oauth/signpost/signpost-commonshttp4/1.2/signpost-commonshttp4-1.2.jar:/home/acsia/.m2/repository/oauth/signpost/signpost-core/1.2/signpost-core-1.2.jar:/home/acsia/.m2/repository/org/apache/httpcomponents/httpcore/4.0.1/httpcore-4.0.1.jar:/home/acsia/.m2/repository/org/apache/httpcomponents/httpclient/4.0.1/httpclient-4.0.1.jar:/home/acsia/.m2/repository/commons-logging/commons-logging/1.1.1/commons-logging-1.1.1.jar:/home/acsia/.m2/repository/org/codehaus/jackson/jackson-core-asl/1.5.1/jackson-core-asl-1.5.1.jar:/home/acsia/.m2/repository/org/codehaus/jackson/jackson-mapper-asl/1.5.1/jackson-mapper-asl-1.5.1.jar:/home/acsia/.m2/repository/org/mockito/mockito-all/1.8.4/mockito-all-1.8.4.jar:/home/acsia/.m2/repository/maven/dom4j/1.7-20060614/dom4j-1.7-20060614.jar:/home/acsia/.m2/repository/jaxme/jaxme-api/0.3/jaxme-api-0.3.jar:/home/acsia/.m2/repository/msv/xsdlib/20030807/xsdlib-20030807.jar:/home/acsia/.m2/repository/msv/relaxngDatatype/20030807/relaxngDatatype-20030807.jar:/home/acsia/.m2/repository/pull-parser/pull-parser/2.1.10/pull-parser-2.1.10.jar:/home/acsia/.m2/repository/xpp3/xpp3/1.1.3.3/xpp3-1.1.3.3.jar:/home/acsia/.m2/repository/stax/stax-api/1.0/stax-api-1.0.jar:/home/acsia/.m2/repository/junitperf/junitperf/1.8/junitperf-1.8.jar:/tmp/android.jar:"/>
    <property name="java.vm.specification.version" value="1.0"/>
    <property name="sun.arch.data.model" value="64"/>
    <property name="java.home" value="/usr/lib/jvm/java-6-sun-1.6.0.16/jre"/>
    <property name="java.specification.vendor" value="Sun Microsystems Inc."/>
    <property name="user.language" value="en"/>
    <property name="java.vm.info" value="mixed mode"/>
    <property name="java.version" value="1.6.0_16"/>
    <property name="java.ext.dirs" value="/usr/lib/jvm/java-6-sun-1.6.0.16/jre/lib/ext:/usr/java/packages/lib/ext"/>
    <property name="sun.boot.class.path" value="/usr/lib/jvm/java-6-sun-1.6.0.16/jre/lib/resources.jar:/usr/lib/jvm/java-6-sun-1.6.0.16/jre/lib/rt.jar:/usr/lib/jvm/java-6-sun-1.6.0.16/jre/lib/sunrsasign.jar:/usr/lib/jvm/java-6-sun-1.6.0.16/jre/lib/jsse.jar:/usr/lib/jvm/java-6-sun-1.6.0.16/jre/lib/jce.jar:/usr/lib/jvm/java-6-sun-1.6.0.16/jre/lib/charsets.jar:/usr/lib/jvm/java-6-sun-1.6.0.16/jre/classes"/>
    <property name="java.vendor" value="Sun Microsystems Inc."/>
    <property name="localRepository" value="/home/acsia/.m2/repository"/>
    <property name="file.separator" value="/"/>
    <property name="java.vendor.url.bug" value="http://java.sun.com/cgi-bin/bugreport.cgi"/>
    <property name="sun.cpu.endian" value="little"/>
    <property name="sun.io.unicode.encoding" value="UnicodeLittle"/>
    <property name="sun.desktop" value="gnome"/>
    <property name="sun.cpu.isalist" value=""/>
  </properties>
  <testcase time="0.431" classname="novoda.rest.cursors.json.JsonCursorTest" name="shouldHandleEmptyResponse">
    <error message="Stub!" type="java.lang.RuntimeException">java.lang.RuntimeException: Stub!
	at android.database.AbstractCursor.moveToFirst(AbstractCursor.java:150)
	at novoda.rest.cursors.json.JsonCursorTest.shouldHandleEmptyResponse(JsonCursorTest.java:30)
	at sun.reflect.NativeMethodAccessorImpl.invoke0(Native Method)
	at sun.reflect.NativeMethodAccessorImpl.invoke(NativeMethodAccessorImpl.java:39)
	at sun.reflect.DelegatingMethodAccessorImpl.invoke(DelegatingMethodAccessorImpl.java:25)
	at java.lang.reflect.Method.invoke(Method.java:597)
	at org.junit.runners.model.FrameworkMethod$1.runReflectiveCall(FrameworkMethod.java:44)
	at org.junit.internal.runners.model.ReflectiveCallable.run(ReflectiveCallable.java:15)
	at org.junit.runners.model.FrameworkMethod.invokeExplosively(FrameworkMethod.java:41)
	at org.junit.internal.runners.statements.InvokeMethod.evaluate(InvokeMethod.java:20)
	at org.junit.internal.runners.statements.RunBefores.evaluate(RunBefores.java:28)
	at org.junit.runners.BlockJUnit4ClassRunner.runChild(BlockJUnit4ClassRunner.java:76)
	at org.junit.runners.BlockJUnit4ClassRunner.runChild(BlockJUnit4ClassRunner.java:50)
	at org.junit.runners.ParentRunner$3.run(ParentRunner.java:193)
	at org.junit.runners.ParentRunner$1.schedule(ParentRunner.java:52)
	at org.junit.runners.ParentRunner.runChildren(ParentRunner.java:191)
	at org.junit.runners.ParentRunner.access$000(ParentRunner.java:42)
	at org.junit.runners.ParentRunner$2.evaluate(ParentRunner.java:184)
	at org.junit.runners.ParentRunner.run(ParentRunner.java:236)
	at org.mockito.internal.runners.JUnit45AndHigherRunnerImpl.run(JUnit45AndHigherRunnerImpl.java:37)
	at org.mockito.runners.MockitoJUnitRunner.run(MockitoJUnitRunner.java:62)
	at org.apache.maven.surefire.junit4.JUnit4TestSet.execute(JUnit4TestSet.java:62)
	at org.apache.maven.surefire.suite.AbstractDirectoryTestSuite.executeTestSet(AbstractDirectoryTestSuite.java:140)
	at org.apache.maven.surefire.suite.AbstractDirectoryTestSuite.execute(AbstractDirectoryTestSuite.java:127)
	at org.apache.maven.surefire.Surefire.run(Surefire.java:177)
	at sun.reflect.NativeMethodAccessorImpl.invoke0(Native Method)
	at sun.reflect.NativeMethodAccessorImpl.invoke(NativeMethodAccessorImpl.java:39)
	at sun.reflect.DelegatingMethodAccessorImpl.invoke(DelegatingMethodAccessorImpl.java:25)
	at java.lang.reflect.Method.invoke(Method.java:597)
	at org.apache.maven.surefire.booter.SurefireBooter.runSuitesInProcess(SurefireBooter.java:345)
	at org.apache.maven.surefire.booter.SurefireBooter.main(SurefireBooter.java:1009)
</error>
  </testcase>
</testsuite>